<?xml version="1.0" encoding="UTF-8"?><testrun name="A_Checkpoint3" project="TextExcel" tests="7" started="7" failures="5" errors="1" ignored="0">
  <testsuite name="textExcel.TestsALL.A_Checkpoint3" time="0.106">
    <testcase name="testRealCellTruncation" classname="textExcel.TestsALL.A_Checkpoint3" time="0.002">
      <error>java.lang.NumberFormatException: For input string: ""-9876543212345""
	at sun.misc.FloatingDecimal.readJavaFormatString(FloatingDecimal.java:2043)
	at sun.misc.FloatingDecimal.parseDouble(FloatingDecimal.java:110)
	at java.lang.Double.parseDouble(Double.java:538)
	at textExcel.TestsALL$A_Checkpoint3.testRealCellTruncation(TestsALL.java:522)
	at sun.reflect.NativeMethodAccessorImpl.invoke0(Native Method)
	at sun.reflect.NativeMethodAccessorImpl.invoke(NativeMethodAccessorImpl.java:62)
	at sun.reflect.DelegatingMethodAccessorImpl.invoke(DelegatingMethodAccessorImpl.java:43)
	at java.lang.reflect.Method.invoke(Method.java:498)
	at org.junit.runners.model.FrameworkMethod$1.runReflectiveCall(FrameworkMethod.java:50)
	at org.junit.internal.runners.model.ReflectiveCallable.run(ReflectiveCallable.java:12)
	at org.junit.runners.model.FrameworkMethod.invokeExplosively(FrameworkMethod.java:47)
	at org.junit.internal.runners.statements.InvokeMethod.evaluate(InvokeMethod.java:17)
	at org.junit.internal.runners.statements.RunBefores.evaluate(RunBefores.java:26)
	at org.junit.runners.ParentRunner.runLeaf(ParentRunner.java:325)
	at org.junit.runners.BlockJUnit4ClassRunner.runChild(BlockJUnit4ClassRunner.java:78)
	at org.junit.runners.BlockJUnit4ClassRunner.runChild(BlockJUnit4ClassRunner.java:57)
	at org.junit.runners.ParentRunner$3.run(ParentRunner.java:290)
	at org.junit.runners.ParentRunner$1.schedule(ParentRunner.java:71)
	at org.junit.runners.ParentRunner.runChildren(ParentRunner.java:288)
	at org.junit.runners.ParentRunner.access$000(ParentRunner.java:58)
	at org.junit.runners.ParentRunner$2.evaluate(ParentRunner.java:268)
	at org.junit.runners.ParentRunner.run(ParentRunner.java:363)
	at org.eclipse.jdt.internal.junit4.runner.JUnit4TestReference.run(JUnit4TestReference.java:86)
	at org.eclipse.jdt.internal.junit.runner.TestExecution.run(TestExecution.java:38)
	at org.eclipse.jdt.internal.junit.runner.RemoteTestRunner.runTests(RemoteTestRunner.java:459)
	at org.eclipse.jdt.internal.junit.runner.RemoteTestRunner.runTests(RemoteTestRunner.java:678)
	at org.eclipse.jdt.internal.junit.runner.RemoteTestRunner.run(RemoteTestRunner.java:382)
	at org.eclipse.jdt.internal.junit.runner.RemoteTestRunner.main(RemoteTestRunner.java:192)

</error>
    </testcase>
    <testcase name="testBasicRealCell" classname="textExcel.TestsALL.A_Checkpoint3" time="0.001">
      <failure>
        <expected>3.14      </expected>
        <actual>"3.14"    </actual>org.junit.ComparisonFailure: real cell text expected:&lt;[3.14  ]    &gt; but was:&lt;["3.14"]    &gt;
	at org.junit.Assert.assertEquals(Assert.java:115)
	at textExcel.TestsALL$A_Checkpoint3.testBasicRealCell(TestsALL.java:433)
	at sun.reflect.NativeMethodAccessorImpl.invoke0(Native Method)
	at sun.reflect.NativeMethodAccessorImpl.invoke(NativeMethodAccessorImpl.java:62)
	at sun.reflect.DelegatingMethodAccessorImpl.invoke(DelegatingMethodAccessorImpl.java:43)
	at java.lang.reflect.Method.invoke(Method.java:498)
	at org.junit.runners.model.FrameworkMethod$1.runReflectiveCall(FrameworkMethod.java:50)
	at org.junit.internal.runners.model.ReflectiveCallable.run(ReflectiveCallable.java:12)
	at org.junit.runners.model.FrameworkMethod.invokeExplosively(FrameworkMethod.java:47)
	at org.junit.internal.runners.statements.InvokeMethod.evaluate(InvokeMethod.java:17)
	at org.junit.internal.runners.statements.RunBefores.evaluate(RunBefores.java:26)
	at org.junit.runners.ParentRunner.runLeaf(ParentRunner.java:325)
	at org.junit.runners.BlockJUnit4ClassRunner.runChild(BlockJUnit4ClassRunner.java:78)
	at org.junit.runners.BlockJUnit4ClassRunner.runChild(BlockJUnit4ClassRunner.java:57)
	at org.junit.runners.ParentRunner$3.run(ParentRunner.java:290)
	at org.junit.runners.ParentRunner$1.schedule(ParentRunner.java:71)
	at org.junit.runners.ParentRunner.runChildren(ParentRunner.java:288)
	at org.junit.runners.ParentRunner.access$000(ParentRunner.java:58)
	at org.junit.runners.ParentRunner$2.evaluate(ParentRunner.java:268)
	at org.junit.runners.ParentRunner.run(ParentRunner.java:363)
	at org.eclipse.jdt.internal.junit4.runner.JUnit4TestReference.run(JUnit4TestReference.java:86)
	at org.eclipse.jdt.internal.junit.runner.TestExecution.run(TestExecution.java:38)
	at org.eclipse.jdt.internal.junit.runner.RemoteTestRunner.runTests(RemoteTestRunner.java:459)
	at org.eclipse.jdt.internal.junit.runner.RemoteTestRunner.runTests(RemoteTestRunner.java:678)
	at org.eclipse.jdt.internal.junit.runner.RemoteTestRunner.run(RemoteTestRunner.java:382)
	at org.eclipse.jdt.internal.junit.runner.RemoteTestRunner.main(RemoteTestRunner.java:192)

</failure>
    </testcase>
    <testcase name="testProcessCommand" classname="textExcel.TestsALL.A_Checkpoint3" time="0.042">
      <failure>
        <expected>   |A         |B         |C         |D         |E         |F         |G         |H         |I         |J         |K         |L         |
1  |1%        |          |          |          |          |          |          |          |          |          |          |          |
2  |          |          |          |          |          |          |          |          |          |          |          |          |
3  |          |          |          |          |          |          |          |          |          |          |          |          |
4  |          |          |          |          |          |          |          |          |          |          |          |          |
5  |          |          |          |          |          |          |          |          |          |          |          |          |
6  |          |          |          |          |          |          |          |          |          |          |          |          |
7  |          |          |          |          |          |          |          |          |          |          |          |          |
8  |          |          |          |          |          |          |          |          |          |          |          |          |
9  |          |          |          |          |          |          |          |          |          |          |          |          |
10 |          |          |          |          |          |          |          |          |          |          |          |          |
11 |          |          |          |          |          |          |          |          |          |          |          |          |
12 |          |          |          |          |          |          |          |          |          |          |          |          |
13 |          |          |          |          |          |          |          |          |          |          |          |          |
14 |          |          |          |          |          |          |          |          |          |          |          |          |
15 |          |          |          |          |          |          |          |          |          |          |          |          |
16 |          |          |          |          |          |          |          |          |          |          |          |          |
17 |          |          |          |          |          |          |          |          |          |          |          |          |
18 |          |          |          |          |          |          |          |          |          |          |          |          |
19 |          |          |          |          |          |          |          |          |          |          |          |          |
20 |          |          |          |          |          |          |          |          |          |          |          |          |
</expected>
        <actual>   |A         |B         |C         |D         |E         |F         |G         |H         |I         |J         |K         |L         |
1  |"1.021822%|          |          |          |          |          |          |          |          |          |          |          |
2  |          |          |          |          |          |          |          |          |          |          |          |          |
3  |          |          |          |          |          |          |          |          |          |          |          |          |
4  |          |          |          |          |          |          |          |          |          |          |          |          |
5  |          |          |          |          |          |          |          |          |          |          |          |          |
6  |          |          |          |          |          |          |          |          |          |          |          |          |
7  |          |          |          |          |          |          |          |          |          |          |          |          |
8  |          |          |          |          |          |          |          |          |          |          |          |          |
9  |          |          |          |          |          |          |          |          |          |          |          |          |
10 |          |          |          |          |          |          |          |          |          |          |          |          |
11 |          |          |          |          |          |          |          |          |          |          |          |          |
12 |          |          |          |          |          |          |          |          |          |          |          |          |
13 |          |          |          |          |          |          |          |          |          |          |          |          |
14 |          |          |          |          |          |          |          |          |          |          |          |          |
15 |          |          |          |          |          |          |          |          |          |          |          |          |
16 |          |          |          |          |          |          |          |          |          |          |          |          |
17 |          |          |          |          |          |          |          |          |          |          |          |          |
18 |          |          |          |          |          |          |          |          |          |          |          |          |
19 |          |          |          |          |          |          |          |          |          |          |          |          |
20 |          |          |          |          |          |          |          |          |          |          |          |          |
</actual>org.junit.ComparisonFailure: grid with date expected:&lt;...   |L         |
1  |[1%        ]|          |        ...&gt; but was:&lt;...   |L         |
1  |["1.021822%]|          |        ...&gt;
	at org.junit.Assert.assertEquals(Assert.java:115)
	at textExcel.TestsALL$A_Checkpoint3.testProcessCommand(TestsALL.java:479)
	at sun.reflect.NativeMethodAccessorImpl.invoke0(Native Method)
	at sun.reflect.NativeMethodAccessorImpl.invoke(NativeMethodAccessorImpl.java:62)
	at sun.reflect.DelegatingMethodAccessorImpl.invoke(DelegatingMethodAccessorImpl.java:43)
	at java.lang.reflect.Method.invoke(Method.java:498)
	at org.junit.runners.model.FrameworkMethod$1.runReflectiveCall(FrameworkMethod.java:50)
	at org.junit.internal.runners.model.ReflectiveCallable.run(ReflectiveCallable.java:12)
	at org.junit.runners.model.FrameworkMethod.invokeExplosively(FrameworkMethod.java:47)
	at org.junit.internal.runners.statements.InvokeMethod.evaluate(InvokeMethod.java:17)
	at org.junit.internal.runners.statements.RunBefores.evaluate(RunBefores.java:26)
	at org.junit.runners.ParentRunner.runLeaf(ParentRunner.java:325)
	at org.junit.runners.BlockJUnit4ClassRunner.runChild(BlockJUnit4ClassRunner.java:78)
	at org.junit.runners.BlockJUnit4ClassRunner.runChild(BlockJUnit4ClassRunner.java:57)
	at org.junit.runners.ParentRunner$3.run(ParentRunner.java:290)
	at org.junit.runners.ParentRunner$1.schedule(ParentRunner.java:71)
	at org.junit.runners.ParentRunner.runChildren(ParentRunner.java:288)
	at org.junit.runners.ParentRunner.access$000(ParentRunner.java:58)
	at org.junit.runners.ParentRunner$2.evaluate(ParentRunner.java:268)
	at org.junit.runners.ParentRunner.run(ParentRunner.java:363)
	at org.eclipse.jdt.internal.junit4.runner.JUnit4TestReference.run(JUnit4TestReference.java:86)
	at org.eclipse.jdt.internal.junit.runner.TestExecution.run(TestExecution.java:38)
	at org.eclipse.jdt.internal.junit.runner.RemoteTestRunner.runTests(RemoteTestRunner.java:459)
	at org.eclipse.jdt.internal.junit.runner.RemoteTestRunner.runTests(RemoteTestRunner.java:678)
	at org.eclipse.jdt.internal.junit.runner.RemoteTestRunner.run(RemoteTestRunner.java:382)
	at org.eclipse.jdt.internal.junit.runner.RemoteTestRunner.main(RemoteTestRunner.java:192)

</failure>
    </testcase>
    <testcase name="testDifferentCellTypes" classname="textExcel.TestsALL.A_Checkpoint3" time="0.004"/>
    <testcase name="testRealCellFormat" classname="textExcel.TestsALL.A_Checkpoint3" time="0.053">
      <failure>
        <expected>   |A         |B         |C         |D         |E         |F         |G         |H         |I         |J         |K         |L         |
1  |          |          |          |          |          |          |          |          |          |          |          |          |
2  |          |          |          |          |          |          |          |          |          |          |          |          |
3  |          |          |          |          |          |          |          |          |          |          |          |          |
4  |          |          |          |          |          |          |          |          |          |          |          |          |
5  |          |          |          |          |          |          |          |          |          |          |          |          |
6  |          |          |          |          |          |          |          |          |          |          |          |          |
7  |3.0       |          |          |          |          |          |          |          |          |          |          |          |
8  |          |          |          |          |          |          |          |          |          |          |          |          |
9  |          |          |          |          |          |          |          |          |          |          |          |          |
10 |          |          |          |          |          |          |          |          |          |          |          |          |
11 |          |          |          |          |          |          |          |          |          |          |          |          |
12 |          |          |          |          |          |          |          |          |          |          |          |          |
13 |          |          |          |          |          |          |          |          |          |          |          |          |
14 |          |          |          |          |          |          |          |          |          |          |          |          |
15 |          |          |          |          |          |          |          |          |          |          |          |          |
16 |          |          |          |          |          |          |          |          |          |          |          |          |
17 |          |          |          |          |          |          |          |          |          |          |          |          |
18 |          |          |          |          |          |          |          |          |          |          |          |          |
19 |          |          |          |          |          |          |          |          |          |          |          |          |
20 |          |          |          |          |          |          |          |          |          |          |          |          |
</expected>
        <actual>   |A         |B         |C         |D         |E         |F         |G         |H         |I         |J         |K         |L         |
1  |          |          |          |          |          |          |          |          |          |          |          |          |
2  |          |          |          |          |          |          |          |          |          |          |          |          |
3  |          |          |          |          |          |          |          |          |          |          |          |          |
4  |          |          |          |          |          |          |          |          |          |          |          |          |
5  |          |          |          |          |          |          |          |          |          |          |          |          |
6  |          |          |          |          |          |          |          |          |          |          |          |          |
7  |"3.00"    |          |          |          |          |          |          |          |          |          |          |          |
8  |          |          |          |          |          |          |          |          |          |          |          |          |
9  |          |          |          |          |          |          |          |          |          |          |          |          |
10 |          |          |          |          |          |          |          |          |          |          |          |          |
11 |          |          |          |          |          |          |          |          |          |          |          |          |
12 |          |          |          |          |          |          |          |          |          |          |          |          |
13 |          |          |          |          |          |          |          |          |          |          |          |          |
14 |          |          |          |          |          |          |          |          |          |          |          |          |
15 |          |          |          |          |          |          |          |          |          |          |          |          |
16 |          |          |          |          |          |          |          |          |          |          |          |          |
17 |          |          |          |          |          |          |          |          |          |          |          |          |
18 |          |          |          |          |          |          |          |          |          |          |          |          |
19 |          |          |          |          |          |          |          |          |          |          |          |          |
20 |          |          |          |          |          |          |          |          |          |          |          |          |
</actual>org.junit.ComparisonFailure: sheet after setting cell A7 expected:&lt;...   |          |
7  |[3.0   ]    |          |    ...&gt; but was:&lt;...   |          |
7  |["3.00"]    |          |    ...&gt;
	at org.junit.Assert.assertEquals(Assert.java:115)
	at textExcel.TestsALL$A_Checkpoint3.testRealCellFormat(TestsALL.java:505)
	at sun.reflect.NativeMethodAccessorImpl.invoke0(Native Method)
	at sun.reflect.NativeMethodAccessorImpl.invoke(NativeMethodAccessorImpl.java:62)
	at sun.reflect.DelegatingMethodAccessorImpl.invoke(DelegatingMethodAccessorImpl.java:43)
	at java.lang.reflect.Method.invoke(Method.java:498)
	at org.junit.runners.model.FrameworkMethod$1.runReflectiveCall(FrameworkMethod.java:50)
	at org.junit.internal.runners.model.ReflectiveCallable.run(ReflectiveCallable.java:12)
	at org.junit.runners.model.FrameworkMethod.invokeExplosively(FrameworkMethod.java:47)
	at org.junit.internal.runners.statements.InvokeMethod.evaluate(InvokeMethod.java:17)
	at org.junit.internal.runners.statements.RunBefores.evaluate(RunBefores.java:26)
	at org.junit.runners.ParentRunner.runLeaf(ParentRunner.java:325)
	at org.junit.runners.BlockJUnit4ClassRunner.runChild(BlockJUnit4ClassRunner.java:78)
	at org.junit.runners.BlockJUnit4ClassRunner.runChild(BlockJUnit4ClassRunner.java:57)
	at org.junit.runners.ParentRunner$3.run(ParentRunner.java:290)
	at org.junit.runners.ParentRunner$1.schedule(ParentRunner.java:71)
	at org.junit.runners.ParentRunner.runChildren(ParentRunner.java:288)
	at org.junit.runners.ParentRunner.access$000(ParentRunner.java:58)
	at org.junit.runners.ParentRunner$2.evaluate(ParentRunner.java:268)
	at org.junit.runners.ParentRunner.run(ParentRunner.java:363)
	at org.eclipse.jdt.internal.junit4.runner.JUnit4TestReference.run(JUnit4TestReference.java:86)
	at org.eclipse.jdt.internal.junit.runner.TestExecution.run(TestExecution.java:38)
	at org.eclipse.jdt.internal.junit.runner.RemoteTestRunner.runTests(RemoteTestRunner.java:459)
	at org.eclipse.jdt.internal.junit.runner.RemoteTestRunner.runTests(RemoteTestRunner.java:678)
	at org.eclipse.jdt.internal.junit.runner.RemoteTestRunner.run(RemoteTestRunner.java:382)
	at org.eclipse.jdt.internal.junit.runner.RemoteTestRunner.main(RemoteTestRunner.java:192)

</failure>
    </testcase>
    <testcase name="testPercentCell" classname="textExcel.TestsALL.A_Checkpoint3" time="0.001">
      <failure>
        <expected>11%</expected>
        <actual>"11.25%"</actual>org.junit.ComparisonFailure: date cell text expected:&lt;[11%]&gt; but was:&lt;["11.25%"]&gt;
	at org.junit.Assert.assertEquals(Assert.java:115)
	at textExcel.TestsALL$A_Checkpoint3.testPercentCell(TestsALL.java:423)
	at sun.reflect.NativeMethodAccessorImpl.invoke0(Native Method)
	at sun.reflect.NativeMethodAccessorImpl.invoke(NativeMethodAccessorImpl.java:62)
	at sun.reflect.DelegatingMethodAccessorImpl.invoke(DelegatingMethodAccessorImpl.java:43)
	at java.lang.reflect.Method.invoke(Method.java:498)
	at org.junit.runners.model.FrameworkMethod$1.runReflectiveCall(FrameworkMethod.java:50)
	at org.junit.internal.runners.model.ReflectiveCallable.run(ReflectiveCallable.java:12)
	at org.junit.runners.model.FrameworkMethod.invokeExplosively(FrameworkMethod.java:47)
	at org.junit.internal.runners.statements.InvokeMethod.evaluate(InvokeMethod.java:17)
	at org.junit.internal.runners.statements.RunBefores.evaluate(RunBefores.java:26)
	at org.junit.runners.ParentRunner.runLeaf(ParentRunner.java:325)
	at org.junit.runners.BlockJUnit4ClassRunner.runChild(BlockJUnit4ClassRunner.java:78)
	at org.junit.runners.BlockJUnit4ClassRunner.runChild(BlockJUnit4ClassRunner.java:57)
	at org.junit.runners.ParentRunner$3.run(ParentRunner.java:290)
	at org.junit.runners.ParentRunner$1.schedule(ParentRunner.java:71)
	at org.junit.runners.ParentRunner.runChildren(ParentRunner.java:288)
	at org.junit.runners.ParentRunner.access$000(ParentRunner.java:58)
	at org.junit.runners.ParentRunner$2.evaluate(ParentRunner.java:268)
	at org.junit.runners.ParentRunner.run(ParentRunner.java:363)
	at org.eclipse.jdt.internal.junit4.runner.JUnit4TestReference.run(JUnit4TestReference.java:86)
	at org.eclipse.jdt.internal.junit.runner.TestExecution.run(TestExecution.java:38)
	at org.eclipse.jdt.internal.junit.runner.RemoteTestRunner.runTests(RemoteTestRunner.java:459)
	at org.eclipse.jdt.internal.junit.runner.RemoteTestRunner.runTests(RemoteTestRunner.java:678)
	at org.eclipse.jdt.internal.junit.runner.RemoteTestRunner.run(RemoteTestRunner.java:382)
	at org.eclipse.jdt.internal.junit.runner.RemoteTestRunner.main(RemoteTestRunner.java:192)

</failure>
    </testcase>
    <testcase name="testMoreRealCells" classname="textExcel.TestsALL.A_Checkpoint3" time="0.003">
      <failure>
        <expected>0.0       </expected>
        <actual>"0.0"     </actual>org.junit.ComparisonFailure: real cell 0 expected:&lt;[0.0  ]     &gt; but was:&lt;["0.0"]     &gt;
	at org.junit.Assert.assertEquals(Assert.java:115)
	at textExcel.TestsALL$A_Checkpoint3.testMoreRealCells(TestsALL.java:443)
	at sun.reflect.NativeMethodAccessorImpl.invoke0(Native Method)
	at sun.reflect.NativeMethodAccessorImpl.invoke(NativeMethodAccessorImpl.java:62)
	at sun.reflect.DelegatingMethodAccessorImpl.invoke(DelegatingMethodAccessorImpl.java:43)
	at java.lang.reflect.Method.invoke(Method.java:498)
	at org.junit.runners.model.FrameworkMethod$1.runReflectiveCall(FrameworkMethod.java:50)
	at org.junit.internal.runners.model.ReflectiveCallable.run(ReflectiveCallable.java:12)
	at org.junit.runners.model.FrameworkMethod.invokeExplosively(FrameworkMethod.java:47)
	at org.junit.internal.runners.statements.InvokeMethod.evaluate(InvokeMethod.java:17)
	at org.junit.internal.runners.statements.RunBefores.evaluate(RunBefores.java:26)
	at org.junit.runners.ParentRunner.runLeaf(ParentRunner.java:325)
	at org.junit.runners.BlockJUnit4ClassRunner.runChild(BlockJUnit4ClassRunner.java:78)
	at org.junit.runners.BlockJUnit4ClassRunner.runChild(BlockJUnit4ClassRunner.java:57)
	at org.junit.runners.ParentRunner$3.run(ParentRunner.java:290)
	at org.junit.runners.ParentRunner$1.schedule(ParentRunner.java:71)
	at org.junit.runners.ParentRunner.runChildren(ParentRunner.java:288)
	at org.junit.runners.ParentRunner.access$000(ParentRunner.java:58)
	at org.junit.runners.ParentRunner$2.evaluate(ParentRunner.java:268)
	at org.junit.runners.ParentRunner.run(ParentRunner.java:363)
	at org.eclipse.jdt.internal.junit4.runner.JUnit4TestReference.run(JUnit4TestReference.java:86)
	at org.eclipse.jdt.internal.junit.runner.TestExecution.run(TestExecution.java:38)
	at org.eclipse.jdt.internal.junit.runner.RemoteTestRunner.runTests(RemoteTestRunner.java:459)
	at org.eclipse.jdt.internal.junit.runner.RemoteTestRunner.runTests(RemoteTestRunner.java:678)
	at org.eclipse.jdt.internal.junit.runner.RemoteTestRunner.run(RemoteTestRunner.java:382)
	at org.eclipse.jdt.internal.junit.runner.RemoteTestRunner.main(RemoteTestRunner.java:192)

</failure>
    </testcase>
  </testsuite>
</testrun>
